[    0.000000] Linux version 4.15.0-212-generic (buildd@lcy02-amd64-083) (gcc version 7.5.0 (Ubuntu 7.5.0-3ubuntu1~18.04)) #223-Ubuntu SMP Tue May 23 13:09:22 UTC 2023 (Ubuntu 4.15.0-212.223-generic 4.15.18)
[    0.000000] Command line: BOOT_IMAGE=/boot/vmlinuz-4.15.0-212-generic root=LABEL=cloudimg-rootfs ro console=tty1 console=ttyS0
[    0.000000] KERNEL supported cpus:
[    0.000000]   Intel GenuineIntel
[    0.000000]   AMD AuthenticAMD
[    0.000000]   Centaur CentaurHauls
[    0.000000] x86/fpu: x87 FPU will use FXSAVE
[    0.000000] e820: BIOS-provided physical RAM map:
[    0.000000] BIOS-e820: [mem 0x0000000000000000-0x000000000009fbff] usable
[    0.000000] BIOS-e820: [mem 0x000000000009fc00-0x000000000009ffff] reserved
[    0.000000] BIOS-e820: [mem 0x00000000000f0000-0x00000000000fffff] reserved
[    0.000000] BIOS-e820: [mem 0x0000000000100000-0x000000003ffeffff] usable
[    0.000000] BIOS-e820: [mem 0x000000003fff0000-0x000000003fffffff] ACPI data
[    0.000000] BIOS-e820: [mem 0x00000000fec00000-0x00000000fec00fff] reserved
[    0.000000] BIOS-e820: [mem 0x00000000fee00000-0x00000000fee00fff] reserved
[    0.000000] BIOS-e820: [mem 0x00000000fffc0000-0x00000000ffffffff] reserved
[    0.000000] NX (Execute Disable) protection: active
[    0.000000] SMBIOS 2.5 present.
[    0.000000] DMI: innotek GmbH VirtualBox/VirtualBox, BIOS VirtualBox 12/01/2006
[    0.000000] Hypervisor detected: KVM
[    0.000000] e820: last_pfn = 0x3fff0 max_arch_pfn = 0x400000000
[    0.000000] MTRR: Disabled
[    0.000000] x86/PAT: MTRRs disabled, skipping PAT initialization too.
[    0.000000] CPU MTRRs all blank - virtualized system.
[    0.000000] x86/PAT: Configuration [0-7]: WB  WT  UC- UC  WB  WT  UC- UC  
[    0.000000] found SMP MP-table at [mem 0x0009fff0-0x0009ffff]
[    0.000000] Scanning 1 areas for low memory corruption
[    0.000000] RAMDISK: [mem 0x359cb000-0x36cdcfff]
[    0.000000] ACPI: Early table checksum verification disabled
[    0.000000] ACPI: RSDP 0x00000000000E0000 000024 (v02 VBOX  )
[    0.000000] ACPI: XSDT 0x000000003FFF0030 00003C (v01 VBOX   VBOXXSDT 00000001 ASL  00000061)
[    0.000000] ACPI: FACP 0x000000003FFF00F0 0000F4 (v04 VBOX   VBOXFACP 00000001 ASL  00000061)
[    0.000000] ACPI: DSDT 0x000000003FFF0610 002353 (v02 VBOX   VBOXBIOS 00000002 INTL 20100528)
[    0.000000] ACPI: FACS 0x000000003FFF0200 000040
[    0.000000] ACPI: FACS 0x000000003FFF0200 000040
[    0.000000] ACPI: APIC 0x000000003FFF0240 00005C (v02 VBOX   VBOXAPIC 00000001 ASL  00000061)
[    0.000000] ACPI: SSDT 0x000000003FFF02A0 00036C (v01 VBOX   VBOXCPUT 00000002 INTL 20100528)
[    0.000000] ACPI: Reserving FACP table memory at [mem 0x3fff00f0-0x3fff01e3]
[    0.000000] ACPI: Reserving DSDT table memory at [mem 0x3fff0610-0x3fff2962]
[    0.000000] ACPI: Reserving FACS table memory at [mem 0x3fff0200-0x3fff023f]
[    0.000000] ACPI: Reserving FACS table memory at [mem 0x3fff0200-0x3fff023f]
[    0.000000] ACPI: Reserving APIC table memory at [mem 0x3fff0240-0x3fff029b]
[    0.000000] ACPI: Reserving SSDT table memory at [mem 0x3fff02a0-0x3fff060b]
[    0.000000] No NUMA configuration found
[    0.000000] Faking a node at [mem 0x0000000000000000-0x000000003ffeffff]
[    0.000000] NODE_DATA(0) allocated [mem 0x3ffc5000-0x3ffeffff]
[    0.000000] kvm-clock: cpu 0, msr 0:3ff44001, primary cpu clock
[    0.000000] kvm-clock: Using msrs 4b564d01 and 4b564d00
[    0.000000] kvm-clock: using sched offset of 3784013764 cycles
[    0.000000] clocksource: kvm-clock: mask: 0xffffffffffffffff max_cycles: 0x1cd42e4dffb, max_idle_ns: 881590591483 ns
[    0.000000] Zone ranges:
[    0.000000]   DMA      [mem 0x0000000000001000-0x0000000000ffffff]
[    0.000000]   DMA32    [mem 0x0000000001000000-0x000000003ffeffff]
[    0.000000]   Normal   empty
[    0.000000]   Device   empty
[    0.000000] Movable zone start for each node
[    0.000000] Early memory node ranges
[    0.000000]   node   0: [mem 0x0000000000001000-0x000000000009efff]
[    0.000000]   node   0: [mem 0x0000000000100000-0x000000003ffeffff]
[    0.000000] Reserved but unavailable: 104 pages
[    0.000000] Initmem setup node 0 [mem 0x0000000000001000-0x000000003ffeffff]
[    0.000000] ACPI: PM-Timer IO Port: 0x4008
[    0.000000] IOAPIC[0]: apic_id 2, version 32, address 0xfec00000, GSI 0-23
[    0.000000] ACPI: INT_SRC_OVR (bus 0 bus_irq 0 global_irq 2 dfl dfl)
[    0.000000] ACPI: INT_SRC_OVR (bus 0 bus_irq 9 global_irq 9 low level)
[    0.000000] Using ACPI (MADT) for SMP configuration information
[    0.000000] smpboot: Allowing 2 CPUs, 0 hotplug CPUs
[    0.000000] PM: Registered nosave memory: [mem 0x00000000-0x00000fff]
[    0.000000] PM: Registered nosave memory: [mem 0x0009f000-0x0009ffff]
[    0.000000] PM: Registered nosave memory: [mem 0x000a0000-0x000effff]
[    0.000000] PM: Registered nosave memory: [mem 0x000f0000-0x000fffff]
[    0.000000] e820: [mem 0x40000000-0xfebfffff] available for PCI devices
[    0.000000] Booting paravirtualized kernel on KVM
[    0.000000] clocksource: refined-jiffies: mask: 0xffffffff max_cycles: 0xffffffff, max_idle_ns: 7645519600211568 ns
[    0.000000] setup_percpu: NR_CPUS:8192 nr_cpumask_bits:2 nr_cpu_ids:2 nr_node_ids:1
[    0.000000] percpu: Embedded 50 pages/cpu s167936 r8192 d28672 u1048576
[    0.000000] PV qspinlock hash table entries: 256 (order: 0, 4096 bytes)
[    0.000000] Built 1 zonelists, mobility grouping on.  Total pages: 257913
[    0.000000] Policy zone: DMA32
[    0.000000] Kernel command line: BOOT_IMAGE=/boot/vmlinuz-4.15.0-212-generic root=LABEL=cloudimg-rootfs ro console=tty1 console=ttyS0
[    0.000000] Memory: 982644K/1048120K available (12300K kernel code, 2477K rwdata, 4324K rodata, 2480K init, 2720K bss, 65476K reserved, 0K cma-reserved)
[    0.000000] SLUB: HWalign=64, Order=0-3, MinObjects=0, CPUs=2, Nodes=1
[    0.000000] ftrace: allocating 39508 entries in 155 pages
[    0.004000] Hierarchical RCU implementation.
[    0.004000] 	RCU restricting CPUs from NR_CPUS=8192 to nr_cpu_ids=2.
[    0.004000] 	Tasks RCU enabled.
[    0.004000] RCU: Adjusting geometry for rcu_fanout_leaf=16, nr_cpu_ids=2
[    0.004000] NR_IRQS: 524544, nr_irqs: 440, preallocated irqs: 16
[    0.004000] random: crng init done
[    0.004000] Console: colour VGA+ 80x25
[    0.004000] console [tty1] enabled
[    0.004000] console [ttyS0] enabled
[    0.004000] ACPI: Core revision 20170831
[    0.004000] ACPI: 2 ACPI AML tables successfully acquired and loaded
[    0.004000] APIC: Switch to symmetric I/O mode setup
[    0.004000] ..TIMER: vector=0x30 apic1=0 pin1=2 apic2=-1 pin2=-1
[    0.004009] tsc: Detected 2803.198 MHz processor
[    0.008012] Calibrating delay loop (skipped) preset value.. 5606.39 BogoMIPS (lpj=11212792)
[    0.012006] pid_max: default: 32768 minimum: 301
[    0.016090] Security Framework initialized
[    0.020007] Yama: becoming mindful.
[    0.024090] AppArmor: AppArmor initialized
[    0.032901] Dentry cache hash table entries: 131072 (order: 8, 1048576 bytes)
[    0.041119] Inode-cache hash table entries: 65536 (order: 7, 524288 bytes)
[    0.044088] Mount-cache hash table entries: 2048 (order: 2, 16384 bytes)
[    0.048070] Mountpoint-cache hash table entries: 2048 (order: 2, 16384 bytes)
[    0.053981] Last level iTLB entries: 4KB 0, 2MB 0, 4MB 0
[    0.056003] Last level dTLB entries: 4KB 0, 2MB 0, 4MB 0, 1GB 0
[    0.060005] Spectre V1 : Mitigation: usercopy/swapgs barriers and __user pointer sanitization
[    0.064007] Spectre V2 : Mitigation: Enhanced IBRS
[    0.068002] Spectre V2 : Spectre v2 / SpectreRSB mitigation: Filling RSB on context switch
[    0.072004] Spectre V2 : Spectre v2 / PBRSB-eIBRS: Retire a single CALL on VMEXIT
[    0.076005] RETBleed: Mitigation: Enhanced IBRS
[    0.080002] Speculative Store Bypass: Vulnerable
[    0.084184] Freeing SMP alternatives memory: 36K
[    0.208794] smpboot: CPU0: 11th Gen Intel(R) Core(TM) i7-1165G7 @ 2.80GHz (family: 0x6, model: 0x8c, stepping: 0x1)
[    0.216521] Performance Events: unsupported p6 CPU model 140 no PMU driver, software events only.
[    0.220147] Hierarchical SRCU implementation.
[    0.224822] NMI watchdog: Perf event create on CPU 0 failed with -2
[    0.228002] NMI watchdog: Perf NMI watchdog permanently disabled
[    0.232282] smp: Bringing up secondary CPUs ...
[    0.236782] x86: Booting SMP configuration:
[    0.240049] .... node  #0, CPUs:      #1
[    0.004000] kvm-clock: cpu 1, msr 0:3ff44041, secondary cpu clock
[    0.255959] TSC synchronization [CPU#0 -> CPU#1]:
[    0.256000] Measured 74549 cycles TSC warp between CPUs, turning off TSC clock.
[    0.256000] tsc: Marking TSC unstable due to check_tsc_sync_source failed
[    0.260247] smp: Brought up 1 node, 2 CPUs
[    0.264006] smpboot: Max logical packages: 1
[    0.267465] smpboot: Total of 2 processors activated (11212.79 BogoMIPS)
[    0.268490] devtmpfs: initialized
[    0.272110] x86/mm: Memory block size: 128MB
[    0.276313] evm: security.selinux
[    0.279590] evm: security.SMACK64
[    0.280004] evm: security.SMACK64EXEC
[    0.284002] evm: security.SMACK64TRANSMUTE
[    0.288002] evm: security.SMACK64MMAP
[    0.290673] evm: security.apparmor
[    0.292002] evm: security.ima
[    0.296002] evm: security.capability
[    0.300099] clocksource: jiffies: mask: 0xffffffff max_cycles: 0xffffffff, max_idle_ns: 7645041785100000 ns
[    0.304007] futex hash table entries: 512 (order: 3, 32768 bytes)
[    0.308178] pinctrl core: initialized pinctrl subsystem
[    0.312441] RTC time: 18:29:31, date: 03/12/24
[    0.320150] NET: Registered protocol family 16
[    0.323464] audit: initializing netlink subsys (disabled)
[    0.324169] audit: type=2000 audit(1710268176.409:1): state=initialized audit_enabled=0 res=1
[    0.332006] cpuidle: using governor ladder
[    0.336007] cpuidle: using governor menu
[    0.340057] ACPI: bus type PCI registered
[    0.342885] acpiphp: ACPI Hot Plug PCI Controller Driver version: 0.5
[    0.344450] PCI: Using configuration type 1 for base access
[    0.352278] HugeTLB registered 2.00 MiB page size, pre-allocated 0 pages
[    0.360398] ACPI: Added _OSI(Module Device)
[    0.364008] ACPI: Added _OSI(Processor Device)
[    0.367234] ACPI: Added _OSI(3.0 _SCP Extensions)
[    0.368002] ACPI: Added _OSI(Processor Aggregator Device)
[    0.372003] ACPI: Added _OSI(Linux-Dell-Video)
[    0.376003] ACPI: Added _OSI(Linux-Lenovo-NV-HDMI-Audio)
[    0.380003] ACPI: Added _OSI(Linux-HPI-Hybrid-Graphics)
[    0.384769] ACPI: Executed 1 blocks of module-level executable AML code
[    0.392767] ACPI: Interpreter enabled
[    0.395481] ACPI: (supports S0 S5)
[    0.396004] ACPI: Using IOAPIC for interrupt routing
[    0.404251] PCI: Using host bridge windows from ACPI; if necessary, use "pci=nocrs" and report a bug
[    0.408218] ACPI: Enabled 2 GPEs in block 00 to 07
[    0.433429] ACPI: PCI Root Bridge [PCI0] (domain 0000 [bus 00-ff])
[    0.436013] acpi PNP0A03:00: _OSC: OS supports [ASPM ClockPM Segments MSI]
[    0.444921] acpi PNP0A03:00: _OSC: not requesting OS control; OS requires [ExtendedConfig ASPM ClockPM MSI]
[    0.448109] acpi PNP0A03:00: fail to add MMCONFIG information, can't access extended PCI configuration space under this bridge.
[    0.452659] PCI host bridge to bus 0000:00
[    0.456005] pci_bus 0000:00: root bus resource [io  0x0000-0x0cf7 window]
[    0.460004] pci_bus 0000:00: root bus resource [io  0x0d00-0xffff window]
[    0.464003] pci_bus 0000:00: root bus resource [mem 0x000a0000-0x000bffff window]
[    0.468003] pci_bus 0000:00: root bus resource [mem 0x40000000-0xfdffffff window]
[    0.472003] pci_bus 0000:00: root bus resource [bus 00-ff]
[    0.484000] pci 0000:00:01.1: legacy IDE quirk: reg 0x10: [io  0x01f0-0x01f7]
[    0.484003] pci 0000:00:01.1: legacy IDE quirk: reg 0x14: [io  0x03f6]
[    0.488003] pci 0000:00:01.1: legacy IDE quirk: reg 0x18: [io  0x0170-0x0177]
[    0.492003] pci 0000:00:01.1: legacy IDE quirk: reg 0x1c: [io  0x0376]
[    0.516000] pci 0000:00:07.0: quirk: [io  0x4000-0x403f] claimed by PIIX4 ACPI
[    0.516031] pci 0000:00:07.0: quirk: [io  0x4100-0x410f] claimed by PIIX4 SMB
[    0.528802] ACPI: PCI Interrupt Link [LNKA] (IRQs 5 9 10 *11)
[    0.532462] ACPI: PCI Interrupt Link [LNKB] (IRQs 5 9 *10 11)
[    0.536345] ACPI: PCI Interrupt Link [LNKC] (IRQs 5 *9 10 11)
[    0.540215] ACPI: PCI Interrupt Link [LNKD] (IRQs 5 9 10 *11)
[    0.548475] SCSI subsystem initialized
[    0.552213] pci 0000:00:02.0: vgaarb: setting as boot VGA device
[    0.556000] pci 0000:00:02.0: vgaarb: VGA device added: decodes=io+mem,owns=io+mem,locks=none
[    0.556010] pci 0000:00:02.0: vgaarb: bridge control possible
[    0.560005] vgaarb: loaded
[    0.564000] ACPI: bus type USB registered
[    0.564034] usbcore: registered new interface driver usbfs
[    0.568047] usbcore: registered new interface driver hub
[    0.572014] usbcore: registered new device driver usb
[    0.576211] EDAC MC: Ver: 3.0.0
[    0.580451] PCI: Using ACPI for IRQ routing
[    0.584593] NetLabel: Initializing
[    0.587308] NetLabel:  domain hash size = 128
[    0.588002] NetLabel:  protocols = UNLABELED CIPSOv4 CALIPSO
[    0.592019] NetLabel:  unlabeled traffic allowed by default
[    0.596290] clocksource: Switched to clocksource kvm-clock
[    0.604012] VFS: Disk quotas dquot_6.6.0
[    0.604012] VFS: Dquot-cache hash table entries: 512 (order 0, 4096 bytes)
[    0.604012] AppArmor: AppArmor Filesystem Enabled
[    0.604012] pnp: PnP ACPI init
[    0.604012] pnp: PnP ACPI: found 3 devices
[    0.718341] clocksource: acpi_pm: mask: 0xffffff max_cycles: 0xffffff, max_idle_ns: 2085701024 ns
[    0.720419] NET: Registered protocol family 2
[    0.720419] IP idents hash table entries: 16384 (order: 5, 131072 bytes)
[    0.749294] TCP established hash table entries: 8192 (order: 4, 65536 bytes)
[    0.756107] TCP bind hash table entries: 8192 (order: 5, 131072 bytes)
[    0.761494] TCP: Hash tables configured (established 8192 bind 8192)
[    0.765082] UDP hash table entries: 512 (order: 2, 16384 bytes)
[    0.765082] UDP-Lite hash table entries: 512 (order: 2, 16384 bytes)
[    0.765082] NET: Registered protocol family 1
[    0.765082] pci 0000:00:00.0: Limiting direct PCI/PCI transfers
[    0.765082] pci 0000:00:01.0: Activating ISA DMA hang workarounds
[    0.765082] pci 0000:00:02.0: Video device with shadowed ROM at [mem 0x000c0000-0x000dffff]
[    0.765082] Unpacking initramfs...
[    1.248744] Freeing initrd memory: 19528K
[    1.251507] clocksource: tsc: mask: 0xffffffffffffffff max_cycles: 0x28680e0a5c3, max_idle_ns: 440795346756 ns
[    1.258154] platform rtc_cmos: registered platform RTC device (no PNP device found)
[    1.263846] Scanning for low memory corruption every 60 seconds
[    1.270210] Initialise system trusted keyrings
[    1.273707] Key type blacklist registered
[    1.277794] workingset: timestamp_bits=36 max_order=18 bucket_order=0
[    1.284682] zbud: loaded
[    1.287909] squashfs: version 4.0 (2009/01/31) Phillip Lougher
[    1.294091] fuse init (API version 7.26)
[    1.337836] Key type asymmetric registered
[    1.343782] Asymmetric key parser 'x509' registered
[    1.348619] Block layer SCSI generic (bsg) driver version 0.4 loaded (major 246)
[    1.355628] io scheduler noop registered
[    1.358240] io scheduler deadline registered
[    1.361410] io scheduler cfq registered (default)
[    1.366144] ACPI: AC Adapter [AC] (on-line)
[    1.372845] input: Power Button as /devices/LNXSYSTM:00/LNXPWRBN:00/input/input0
[    1.382360] ACPI: Power Button [PWRF]
[    1.388023] input: Sleep Button as /devices/LNXSYSTM:00/LNXSLPBN:00/input/input1
[    1.395768] ACPI: Sleep Button [SLPF]
[    1.401654] ACPI: Battery Slot [BAT0] (battery present)
[    1.406482] Serial: 8250/16550 driver, 32 ports, IRQ sharing enabled
[    1.436042] 00:02: ttyS0 at I/O 0x3f8 (irq = 4, base_baud = 115200) is a 16550A
[    1.459812] Linux agpgart interface v0.103
[    1.470971] loop: module loaded
[    1.476170] scsi host0: ata_piix
[    1.479573] scsi host1: ata_piix
[    1.482499] ata1: PATA max UDMA/33 cmd 0x1f0 ctl 0x3f6 bmdma 0xd000 irq 14
[    1.488062] ata2: PATA max UDMA/33 cmd 0x170 ctl 0x376 bmdma 0xd008 irq 15
[    1.493813] tun: Universal TUN/TAP device driver, 1.6
[    1.499140] PPP generic driver version 2.4.2
[    1.503362] ehci_hcd: USB 2.0 'Enhanced' Host Controller (EHCI) Driver
[    1.509510] ehci-pci: EHCI PCI platform driver
[    1.513786] ehci-platform: EHCI generic platform driver
[    1.517613] ohci_hcd: USB 1.1 'Open' Host Controller (OHCI) Driver
[    1.521575] ohci-pci: OHCI PCI platform driver
[    1.525451] ohci-platform: OHCI generic platform driver
[    1.529541] uhci_hcd: USB Universal Host Controller Interface driver
[    1.535401] i8042: PNP: PS/2 Controller [PNP0303:PS2K,PNP0f03:PS2M] at 0x60,0x64 irq 1,12
[    1.543724] serio: i8042 KBD port at 0x60,0x64 irq 1
[    1.547640] serio: i8042 AUX port at 0x60,0x64 irq 12
[    1.552747] mousedev: PS/2 mouse device common for all mice
[    1.561333] rtc_cmos rtc_cmos: rtc core: registered rtc_cmos as rtc0
[    1.561457] input: AT Translated Set 2 keyboard as /devices/platform/i8042/serio0/input/input2
[    1.568580] rtc_cmos rtc_cmos: alarms up to one day, 114 bytes nvram
[    1.582414] i2c /dev entries driver
[    1.585784] device-mapper: uevent: version 1.0.3
[    1.590017] device-mapper: ioctl: 4.37.0-ioctl (2017-09-20) initialised: dm-devel@redhat.com
[    1.596774] ledtrig-cpu: registered to indicate activity on CPUs
[    1.603669] NET: Registered protocol family 10
[    1.615919] Segment Routing with IPv6
[    1.619359] NET: Registered protocol family 17
[    1.623679] Key type dns_resolver registered
[    1.628246] mce: Using 0 MCE banks
[    1.631430] RAS: Correctable Errors collector initialized.
[    1.636796] sched_clock: Marking stable (1636684746, 0)->(2409742779, -773058033)
[    1.648543] registered taskstats version 1
[    1.652025] Loading compiled-in X.509 certificates
[    1.689458] Loaded X.509 cert 'Build time autogenerated kernel key: b5b26778eaa3ab3a4a6cee031137706e947d12ad'
[    1.699921] Loaded X.509 cert 'Canonical Ltd. Live Patch Signing: 14df34d1a87cf37625abec039ef2bf521249b969'
[    1.710169] Loaded X.509 cert 'Canonical Ltd. Kernel Module Signing: 88f752e560a1e0737e31163a466ad7b70a850c19'
[    1.719398] blacklist: Loading compiled-in revocation X.509 certificates
[    1.725000] Loaded X.509 cert 'Canonical Ltd. Secure Boot Signing: 61482aa2830d0ab2ad5af10b7250da9033ddcef0'
[    1.733119] Loaded X.509 cert 'Canonical Ltd. Secure Boot Signing (2017): 242ade75ac4a15e50d50c84b0d45ff3eae707a03'
[    1.740978] Loaded X.509 cert 'Canonical Ltd. Secure Boot Signing (ESM 2018): 365188c1d374d6b07c3c8f240f8ef722433d6a8b'
[    1.749237] Loaded X.509 cert 'Canonical Ltd. Secure Boot Signing (2019): c0746fd6c5da3ae827864651ad66ae47fe24b3e8'
[    1.756701] Loaded X.509 cert 'Canonical Ltd. Secure Boot Signing (2021 v1): a8d54bbb3825cfb94fa13c9f8a594a195c107b8d'
[    1.764384] Loaded X.509 cert 'Canonical Ltd. Secure Boot Signing (2021 v2): 4cf046892d6fd3c9a5b03f98d845f90851dc6a8c'
[    1.772388] Loaded X.509 cert 'Canonical Ltd. Secure Boot Signing (2021 v3): 100437bb6de6e469b581e61cd66bce3ef4ed53af'
[    1.780023] Loaded X.509 cert 'Canonical Ltd. Secure Boot Signing (Ubuntu Core 2019): c1d57b8f6b743f23ee41f4f7ee292f06eecadfb9'
[    1.788900] zswap: loaded using pool lzo/zbud
[    1.799970] Key type big_key registered
[    1.803256] Key type trusted registered
[    1.809829] Key type encrypted registered
[    1.813238] AppArmor: AppArmor sha1 policy hashing enabled
[    1.818165] ima: No TPM chip found, activating TPM-bypass! (rc=-19)
[    1.824313] ima: Allocated hash algorithm: sha1
[    1.829315] evm: HMAC attrs: 0x1
[    1.833246]   Magic number: 0:718:493
[    1.837811] rtc_cmos rtc_cmos: setting system clock to 2024-03-12 18:29:33 UTC (1710268173)
[    1.845831] BIOS EDD facility v0.16 2004-Jun-25, 0 devices found
[    1.850938] EDD information not available.
[    1.856603] Freeing unused kernel image memory: 2480K
[    1.880959] Write protecting the kernel read-only data: 20480k
[    1.897252] Freeing unused kernel image memory: 2008K
[    1.909354] Freeing unused kernel image memory: 1820K
[    1.924765] x86/mm: Checked W+X mappings: passed, no W+X pages found.
Loading, please wait...
starting version 237
[    2.009497] e1000: Intel(R) PRO/1000 Network Driver - version 7.3.21-k8-NAPI
[    2.015452] e1000: Copyright (c) 1999-2006 Intel Corporation.
[    2.032428] Fusion MPT base driver 3.04.20
[    2.041452] Copyright (c) 1999-2008 LSI Corporation
[    2.072755] SSE version of gcm_enc/dec engaged.
[    2.098199] Fusion MPT SPI Host driver 3.04.20
[    2.280785] input: ImExPS/2 Generic Explorer Mouse as /devices/platform/i8042/serio1/input/input4
[    2.754637] e1000 0000:00:03.0 eth0: (PCI:33MHz:32-bit) 02:3b:7b:b7:3b:2d
[    2.766386] e1000 0000:00:03.0 eth0: Intel(R) PRO/1000 Network Connection
[    2.775523] mptbase: ioc0: Initiating bringup
[    2.775633] e1000 0000:00:03.0 enp0s3: renamed from eth0
[    2.921250] ioc0: LSI53C1030 A0: Capabilities={Initiator}
[    4.160830] scsi host2: ioc0: LSI53C1030 A0, FwRev=00000000h, Ports=1, MaxQ=256, IRQ=20
[    4.767090] scsi 2:0:0:0: Direct-Access     VBOX     HARDDISK         1.0  PQ: 0 ANSI: 5
[    4.812971] scsi target2:0:0: Beginning Domain Validation
[    4.834526] scsi target2:0:0: Domain Validation skipping write tests
[    4.841074] scsi target2:0:0: Ending Domain Validation
[    4.846951] scsi target2:0:0: asynchronous
[    4.853743] scsi 2:0:1:0: Direct-Access     VBOX     HARDDISK         1.0  PQ: 0 ANSI: 5
[    4.892266] scsi target2:0:1: Beginning Domain Validation
[    4.922006] scsi target2:0:1: Domain Validation skipping write tests
[    4.933609] scsi target2:0:1: Ending Domain Validation
[    4.942447] scsi target2:0:1: asynchronous
[    4.972824] sd 2:0:0:0: Attached scsi generic sg0 type 0
[    4.974081] sd 2:0:0:0: [sda] 83886080 512-byte logical blocks: (42.9 GB/40.0 GiB)
[    4.981624] sd 2:0:1:0: Attached scsi generic sg1 type 0
[    4.989959] sd 2:0:0:0: [sda] Write Protect is off
[    4.997403] sd 2:0:1:0: [sdb] 20480 512-byte logical blocks: (10.5 MB/10.0 MiB)
[    4.998079] sd 2:0:0:0: [sda] Incomplete mode parameter data
[    5.009376] sd 2:0:0:0: [sda] Assuming drive cache: write through
[    5.009560] sd 2:0:1:0: [sdb] Write Protect is off
[    5.020440] sd 2:0:1:0: [sdb] Incomplete mode parameter data
[    5.027019] sd 2:0:1:0: [sdb] Assuming drive cache: write through
[    5.030973]  sda: sda1
[    5.045766] sd 2:0:0:0: [sda] Attached SCSI disk
[    5.055872] sd 2:0:1:0: [sdb] Attached SCSI disk
Begin: Loading essential drivers ... [    7.228810] raid6: sse2x1   gen() 11674 MB/s
[    7.281218] raid6: sse2x1   xor()  6896 MB/s
[    7.333360] raid6: sse2x2   gen() 14330 MB/s
[    7.384483] raid6: sse2x2   xor() 11322 MB/s
[    7.438001] raid6: sse2x4   gen() 19215 MB/s
[    7.488331] raid6: sse2x4   xor()  8501 MB/s
[    7.493562] raid6: using algorithm sse2x4 gen() 19215 MB/s
[    7.500730] raid6: .... xor() 8501 MB/s, rmw enabled
[    7.505940] raid6: using ssse3x2 recovery algorithm
[    7.513290] xor: measuring software checksum speed
[    7.556904]    prefetch64-sse: 26587.000 MB/sec
[    7.597123]    generic_sse: 23594.000 MB/sec
[    7.600119] xor: using function: prefetch64-sse (26587.000 MB/sec)
[    7.607143] async_tx: api initialized (async)
done.
Begin: Running /scripts/init-premount ... done.
Begin: Mounting root file system ... Begin: Running /scripts/local-top ... done.
Begin: Running /scripts/local-premount ... [    7.697053] Btrfs loaded, crc32c=crc32c-intel
Scanning for Btrfs filesystems
done.
Warning: fsck not present, so skipping root file system
[    7.764514] EXT4-fs (sda1): INFO: recovery required on readonly filesystem
[    7.769588] EXT4-fs (sda1): write access will be enabled during recovery
[    7.906132] EXT4-fs (sda1): recovery complete
[    7.911382] EXT4-fs (sda1): mounted filesystem with ordered data mode. Opts: (null)
done.
Begin: Running /scripts/local-bottom ... done.
Begin: Running /scripts/init-bottom ... done.
[    8.106464] ip_tables: (C) 2000-2006 Netfilter Core Team
[    8.121584] systemd[1]: systemd 237 running in system mode. (+PAM +AUDIT +SELINUX +IMA +APPARMOR +SMACK +SYSVINIT +UTMP +LIBCRYPTSETUP +GCRYPT +GNUTLS +ACL +XZ +LZ4 +SECCOMP +BLKID +ELFUTILS +KMOD -IDN2 +IDN -PCRE2 default-hierarchy=hybrid)
[    8.135331] systemd[1]: Detected virtualization oracle.
[    8.138841] systemd[1]: Detected architecture x86-64.

Welcome to [1mUbuntu 18.04.6 LTS[0m!

[    8.170506] systemd[1]: Set hostname to <ubuntu-bionic>.
[    8.540008] systemd[1]: Created slice System Slice.
[[0;32m  OK  [0m] Created slice System Slice.
[    8.560291] systemd[1]: Listening on /dev/initctl Compatibility Named Pipe.
[[0;32m  OK  [0m] Listening on /dev/initctl Compatibility Named Pipe.
[    8.570532] systemd[1]: Created slice system-serial\x2dgetty.slice.
[[0;32m  OK  [0m] Created slice system-serial\x2dgetty.slice.
[    8.580594] systemd[1]: Reached target Mounting snaps.
[[0;32m  OK  [0m] Reached target Mounting snaps.
[    8.587327] systemd[1]: Listening on LVM2 poll daemon socket.
[[0;32m  OK  [0m] Listening on LVM2 poll daemon socket.
[    8.595499] systemd[1]: Reached target System Time Synchronized.
[[0;32m  OK  [0m] Reached target System Time Synchronized.
[[0;32m  OK  [0m] Reached target Swap.
[[0;32m  OK  [0m] Listening on fsck to fsckd communication Socket.
[[0;32m  OK  [0m] Set up automount Arbitrary Executab…rmats File System Automount Point.
[[0;32m  OK  [0m] Started Forward Password Requests to Wall Directory Watch.
[[0;32m  OK  [0m] Listening on LVM2 metadata daemon socket.
[[0;32m  OK  [0m] Reached target Mounted snaps.
[[0;32m  OK  [0m] Listening on Journal Socket (/dev/log).
[[0;32m  OK  [0m] Listening on Network Service Netlink Socket.
[[0;32m  OK  [0m] Listening on Journal Socket.
         Starting File System Check on Root Device...
         Starting Uncomplicated firewall...
         Mounting POSIX Message Queue File System...
         Starting Load Kernel Modules...
         Mounting Kernel Debug File System...
[[0;32m  OK  [0m] Listening on udev Control Socket.
[[0;32m  OK  [0m] Reached target User and Group Name Lookups.
[[0;32m  OK  [0m] Listening on Journal Audit Socket.
         Mounting Huge Pages File System...
[[0;32m  OK  [0m] Listening on Device-mapper event daemon FIFOs.
         Starting Monitoring of LVM2 mirrors…ng dmeventd or progress polling...
[    8.678841] Loading iSCSI transport class v2.0-870.
[[0;32m  OK  [0m] Listening on udev Kernel Socket.
         Starting udev Coldplug all Devices...[    8.690763] iscsi: registered transport (tcp)

[[0;32m  OK  [0m] Created slice User and Session Slice.
[[0;32m  OK  [0m] Reached target Slices.
         Starting Set the console keyboard layout...
         Starting Create list of required st…ce nodes for the current kernel...
[[0;32m  OK  [0m] Listening on Syslog Socket.
         Starting Journal Service...
[[0;32m  OK  [0m] Started File System Check on Root Device.
[[0;32m  OK  [0m] Started Uncomplicated firewall.
[[0;32m  OK  [0m] Mounted POSIX Message Queue File System.
[[0;32m  OK  [0m] Mounted Kernel Debug File System.
[[0;32m  OK  [0m] Mounted Huge Pages File System.
[[0;32m  OK  [0m] Started Create list of required sta…vice nodes for the current kernel.
[[0;32m  OK  [0m] Started File System Check Daemon to report status.
         Starting Create Static Device Nodes in /dev...
         Starting Remount Root and Kernel File Systems...
[[0;32m  OK  [0m] Started udev Coldplug all Devices.
[[0;32m  OK  [0m] Started Create Static Device Nodes in /dev.
[[0;32m  OK  [0m] Started Journal Service.
[    8.909057] EXT4-fs (sda1): re-mounted. Opts: (null)
[[0;32m  OK  [0m] Started Remount Root and Kernel File Systems.
         Starting Flush Journal to Persistent Storage...
         Starting Load/Save Random Seed...
         Starting udev Kernel Device Manager...
[[0;32m  OK  [0m] Started Load/Save Random Seed.
[    8.961669] systemd-journald[415]: Received request to flush runtime journal from PID 1
[    8.973510] iscsi: registered transport (iser)
[[0;32m  OK  [0m] Started Load Kernel Modules.
[[0;32m  OK  [0m] Started LVM2 metadata daemon.
         Mounting FUSE Control File System...
         Starting Apply Kernel Variables...
         Mounting Kernel Configuration File System...
[[0;32m  OK  [0m] Mounted FUSE Control File System.
[[0;32m  OK  [0m] Mounted Kernel Configuration File System.
[[0;32m  OK  [0m] Started udev Kernel Device Manager.
[[0;32m  OK  [0m] Started Set the console keyboard layout.
[[0;32m  OK  [0m] Started Dispatch Password Requests to Console Directory Watch.
[[0;32m  OK  [0m] Reached target Local Encrypted Volumes.
[[0;32m  OK  [0m] Started Monitoring of LVM2 mirrors,…sing dmeventd or progress polling.
[[0;32m  OK  [0m] Reached target Local File Systems (Pre).
[[0;32m  OK  [0m] Reached target Local File Systems.
         Starting AppArmor initialization...
         Starting Tell Plymouth To Write Out Runtime Data...
         Starting Set console font and keymap...
         Starting ebtables ruleset management...
[[0;32m  OK  [0m] Started Apply Kernel Variables.
[[0;32m  OK  [0m] Started Tell Plymouth To Write Out Runtime Data.
[[0;32m  OK  [0m] Started Set console font and keymap.
[[0;32m  OK  [0m] Started Flush Journal to Persistent Storage.
         Starting Create Volatile Files and Directories...
[[0;32m  OK  [0m] Found device /dev/ttyS0.
[[0;32m  OK  [0m] Started ebtables ruleset management.
[[0;32m  OK  [0m] Started Create Volatile Files and Directories.
         Starting Update UTMP about System Boot/Shutdown...
[[0;32m  OK  [0m] Started Update UTMP about System Boot/Shutdown.
[[0;32m  OK  [0m] Listening on Load/Save RF Kill Switch Status /dev/rfkill Watch.
[[0;32m  OK  [0m] Started AppArmor initialization.
         Starting Initial cloud-init job (pre-networking)...
         Starting Load AppArmor profiles managed internally by snapd...
         Mounting Arbitrary Executable File Formats File System...
[[0;32m  OK  [0m] Mounted Arbitrary Executable File Formats File System.
[[0;32m  OK  [0m] Started Load AppArmor profiles managed internally by snapd.
[   11.872685] cloud-init[556]: Cloud-init v. 23.1.2-0ubuntu0~18.04.1 running 'init-local' at Tue, 12 Mar 2024 18:29:43 +0000. Up 11.62 seconds.
[[0;32m  OK  [0m] Started Initial cloud-init job (pre-networking).
[[0;32m  OK  [0m] Reached target Network (Pre).
         Starting Network Service...
[[0;32m  OK  [0m] Started Network Service.
         Starting Network Name Resolution...
         Starting Wait for Network to be Configured...
[[0;32m  OK  [0m] Started Network Name Resolution.
[[0;32m  OK  [0m] Reached target Host and Network Name Lookups.
[[0;32m  OK  [0m] Reached target Network.
[[0;32m  OK  [0m] Started Wait for Network to be Configured.
         Starting Initial cloud-init job (metadata service crawler)...
[   14.150515] cloud-init[676]: Cloud-init v. 23.1.2-0ubuntu0~18.04.1 running 'init' at Tue, 12 Mar 2024 18:29:45 +0000. Up 14.01 seconds.
[   14.154231] cloud-init[676]: ci-info: ++++++++++++++++++++++++++++++++++++++Net device info++++++++++++++++++++++++++++++++++++++
[   14.157717] cloud-init[676]: ci-info: +--------+------+----------------------------+---------------+--------+-------------------+
[   14.161690] cloud-init[676]: ci-info: | Device |  Up  |          Address           |      Mask     | Scope  |     Hw-Address    |
[   14.165578] cloud-init[676]: ci-info: +--------+------+----------------------------+---------------+--------+-------------------+
[   14.168963] cloud-init[676]: ci-info: | enp0s3 | True |         10.0.2.15          | 255.255.255.0 | global | 02:3b:7b:b7:3b:2d |
[   14.171755] cloud-init[676]: ci-info: | enp0s3 | True | fe80::3b:7bff:feb7:3b2d/64 |       .       |  link  | 02:3b:7b:b7:3b:2d |
[   14.174747] cloud-init[676]: ci-info: |   lo   | True |         127.0.0.1          |   255.0.0.0   |  host  |         .         |
[   14.188847] cloud-init[676]: ci-info: |   lo   | True |          ::1/128           |       .       |  host  |         .         |
[   14.191621] cloud-init[676]: ci-info: +--------+------+----------------------------+---------------+--------+-------------------+
[   14.194766] cloud-init[676]: ci-info: ++++++++++++++++++++++++++++Route IPv4 info+++++++++++++++++++++++++++++
[   14.198388] cloud-init[676]: ci-info: +-------+-------------+----------+-----------------+-----------+-------+
[   14.201814] cloud-init[676]: ci-info: | Route | Destination | Gateway  |     Genmask     | Interface | Flags |
[   14.204710] cloud-init[676]: ci-info: +-------+-------------+----------+-----------------+-----------+-------+
[   14.207740] cloud-init[676]: ci-info: |   0   |   0.0.0.0   | 10.0.2.2 |     0.0.0.0     |   enp0s3  |   UG  |
[   14.210905] cloud-init[676]: ci-info: |   1   |   10.0.2.0  | 0.0.0.0  |  255.255.255.0  |   enp0s3  |   U   |
[   14.213416] cloud-init[676]: ci-info: |   2   |   10.0.2.2  | 0.0.0.0  | 255.255.255.255 |   enp0s3  |   UH  |
[   14.215771] cloud-init[676]: ci-info: +-------+-------------+----------+-----------------+-----------+-------+
[   14.219127] cloud-init[676]: ci-info: +++++++++++++++++++Route IPv6 info+++++++++++++++++++
[   14.222175] cloud-init[676]: ci-info: +-------+-------------+---------+-----------+-------+
[   14.224443] cloud-init[676]: ci-info: | Route | Destination | Gateway | Interface | Flags |
[   14.226884] cloud-init[676]: ci-info: +-------+-------------+---------+-----------+-------+
[   14.229245] cloud-init[676]: ci-info: |   1   |  fe80::/64  |    ::   |   enp0s3  |   U   |
[   14.231568] cloud-init[676]: ci-info: |   3   |    local    |    ::   |   enp0s3  |   U   |
[   14.244499] cloud-init[676]: ci-info: |   4   |   ff00::/8  |    ::   |   enp0s3  |   U   |
[   14.246803] cloud-init[676]: ci-info: +-------+-------------+---------+-----------+-------+
[[0;32m  OK  [0m] Started Initial cloud-init job (metadata service crawler).
[[0;32m  OK  [0m] Reached target System Initialization.
[[0;32m  OK  [0m] Listening on Open-iSCSI iscsid Socket.
[[0;32m  OK  [0m] Listening on ACPID Listen Socket.
[[0;32m  OK  [0m] Listening on D-Bus System Message Bus Socket.
         Starting LXD - unix socket.
         Starting Socket activation for snappy daemon.
[[0;32m  OK  [0m] Listening on cloud-init hotplug hook socket.
[[0;32m  OK  [0m] Started Message of the Day.
[[0;32m  OK  [0m] Started ACPI Events Check.
[[0;32m  OK  [0m] Started Ubuntu Advantage Timer for running repeated jobs.
[[0;32m  OK  [0m] Listening on UUID daemon activation socket.
[[0;32m  OK  [0m] Started Daily Cleanup of Temporary Directories.
[[0;32m  OK  [0m] Reached target Paths.
[[0;32m  OK  [0m] Started Discard unused blocks once a week.
[[0;32m  OK  [0m] Started Daily apt download activities.
[[0;32m  OK  [0m] Started Daily apt upgrade and clean activities.
[[0;32m  OK  [0m] Reached target Timers.
[[0;32m  OK  [0m] Reached target Network is Online.
[[0;32m  OK  [0m] Reached target Remote File Systems (Pre).
         Starting Availability of block devices...
         Mounting /vagrant...
[[0;32m  OK  [0m] Reached target Cloud-config availability.
[[0;32m  OK  [0m] Listening on LXD - unix socket.
[[0;32m  OK  [0m] Listening on Socket activation for snappy daemon.
[[0;32m  OK  [0m] Reached target Sockets.
[[0;32m  OK  [0m] Reached target Basic System.
[[0;32m  OK  [0m] Started Deferred execution scheduler.
         Starting Dispatcher daemon for systemd-networkd...
[[0;32m  OK  [0m] Started D-Bus System Message Bus.
         Starting System Logging Service...
         Starting Virtualbox guest utils...
[[0;32m  OK  [0m] Reached target Login Prompts (Pre).
[[0;32m  OK  [0m] Started irqbalance daemon.
[[0;32m  OK  [0m] Started FUSE filesystem for LXC.
[[0;32m  OK  [0m] Started Regular background program processing daemon.
         Starting Accounts Service...
         Starting LSB: Record successful boot for GRUB...
         Starting Snap Daemon...
         Starting OpenBSD Secure Shell server...
         Starting Login Service...
         Starting LXD - container startup/shutdown...
[[0;32m  OK  [0m] Started System Logging Service.
[[0;32m  OK  [0m] Started Availability of block devices.
[[0;32m  OK  [0m] Mounted /vagrant.
[[0;32m  OK  [0m] Reached target Remote File Systems.
         Starting Permit User Sessions...
         Starting LSB: automatic crash report generation...
[[0;32m  OK  [0m] Started OpenBSD Secure Shell server.
[[0;32m  OK  [0m] Started Login Service.
[[0;32m  OK  [0m] Started Unattended Upgrades Shutdown.
[[0;32m  OK  [0m] Started Permit User Sessions.
         Starting Terminate Plymouth Boot Screen...
         Starting Hold until boot process finishes up...
         Starting Authorization Manager...
[[0;32m  OK  [0m] Started Hold until boot process finishes up.
[[0;32m  OK  [0m] Started Serial Getty on ttyS0.
         Starting Set console scheme...
[[0;32m  OK  [0m] Started Terminate Plymouth Boot Screen.
[[0;32m  OK  [0m] Started Dispatcher daemon for systemd-networkd.
[[0;32m  OK  [0m] Started Set console scheme.
[[0;32m  OK  [0m] Created slice system-getty.slice.
[[0;32m  OK  [0m] Started Getty on tty1.
[[0;32m  OK  [0m] Reached target Login Prompts.
[[0;32m  OK  [0m] Started Authorization Manager.
[[0;32m  OK  [0m] Started Accounts Service.
[[0;32m  OK  [0m] Started Virtualbox guest utils.
[[0;32m  OK  [0m] Started LSB: automatic crash report generation.
[[0;32m  OK  [0m] Started LSB: Record successful boot for GRUB.
[[0;32m  OK  [0m] Started LXD - container startup/shutdown.
[[0;32m  OK  [0m] Started Snap Daemon.
         Starting Wait until snapd is fully seeded...
         Starting Time & Date Service...
[[0;32m  OK  [0m] Started Time & Date Service.
[[0;32m  OK  [0m] Started Wait until snapd is fully seeded.
         Starting Apply the settings specified in cloud-config...
[   16.970269] cloud-init[1116]: Cloud-init v. 23.1.2-0ubuntu0~18.04.1 running 'modules:config' at Tue, 12 Mar 2024 18:29:48 +0000. Up 16.84 seconds.
[[0;32m  OK  [0m] Started Apply the settings specified in cloud-config.
[[0;32m  OK  [0m] Reached target Multi-User System.
[[0;32m  OK  [0m] Reached target Graphical Interface.
         Starting Update UTMP about System Runlevel Changes...
         Starting Execute cloud user/final scripts...
[[0;32m  OK  [0m] Started Update UTMP about System Runlevel Changes.
[   17.666268] cloud-init[1157]: Cloud-init v. 23.1.2-0ubuntu0~18.04.1 running 'modules:final' at Tue, 12 Mar 2024 18:29:49 +0000. Up 17.49 seconds.
[   17.689019] cloud-init[1157]: Cloud-init v. 23.1.2-0ubuntu0~18.04.1 finished at Tue, 12 Mar 2024 18:29:49 +0000. Datasource DataSourceNoCloud [seed=/dev/sdb][dsmode=net].  Up 17.65 seconds
[[0;32m  OK  [0m] Started Execute cloud user/final scripts.
[[0;32m  OK  [0m] Reached target Cloud-init target.

Ubuntu 18.04.6 LTS ubuntu-bionic ttyS0

ubuntu-bionic login: 